<?xml version="1.0" encoding="UTF-8"?>
<!-- Generated by org.testng.reporters.JUnitReportReporter -->
<testsuite hostname="DESKTOP-1I78L95" failures="0" tests="3" name="com.company.excel.ExcelDataProviderTest" time="28.878" errors="0" timestamp="2022-08-12T17:33:07 IST" skipped="0">
  <testcase classname="com.company.excel.ExcelDataProviderTest" name="test1" time="13.792"/>
  <system-out/>
  <testcase classname="com.company.excel.ExcelDataProviderTest" name="test1" time="8.627"/>
  <system-out/>
  <testcase classname="com.company.excel.ExcelDataProviderTest" name="test1" time="6.459"/>
  <system-out/>
</testsuite> <!-- com.company.excel.ExcelDataProviderTest -->
