<?xml version="1.0" encoding="UTF-8"?>
<!-- Generated by org.testng.reporters.JUnitReportReporter -->
<testsuite hostname="DESKTOP-1I78L95" failures="0" tests="2" name="com.company.test.LoginPageTest" time="36.623" errors="0" timestamp="04 Aug 2022 11:08:30 GMT" skipped="0">
  <testcase classname="com.company.test.LoginPageTest" name="LoginPageTitle" time="20.236"/>
  <testcase classname="com.company.test.LoginPageTest" name="loginTest" time="16.387"/>
</testsuite> <!-- com.company.test.LoginPageTest -->
