<?xml version="1.0" encoding="UTF-8"?>
<!-- Generated by org.testng.reporters.JUnitReportReporter -->
<testsuite hostname="DESKTOP-1I78L95" failures="0" tests="3" name="com.company.excel.ExcelDataProviderTest" time="30.308" errors="0" timestamp="2022-08-12T12:05:23 IST" skipped="0">
  <testcase classname="com.company.excel.ExcelDataProviderTest" name="test1" time="11.516"/>
  <system-out/>
  <testcase classname="com.company.excel.ExcelDataProviderTest" name="test1" time="8.702"/>
  <system-out/>
  <testcase classname="com.company.excel.ExcelDataProviderTest" name="test1" time="10.090"/>
  <system-out/>
</testsuite> <!-- com.company.excel.ExcelDataProviderTest -->
