<?xml version="1.0" encoding="UTF-8"?>
<!-- Generated by org.testng.reporters.JUnitReportReporter -->
<testsuite hostname="DESKTOP-1I78L95" failures="0" tests="1" name="com.company.test.ExcelDataProvider" time="12.821" errors="0" timestamp="2022-08-08T02:59:04 IST" skipped="0">
  <testcase classname="com.company.test.ExcelDataProvider" name="test1" time="12.821"/>
  <system-out/>
</testsuite> <!-- com.company.test.ExcelDataProvider -->
