<?xml version="1.0" encoding="UTF-8"?>
<!-- Generated by org.testng.reporters.JUnitReportReporter -->
<testsuite hostname="DESKTOP-1I78L95" failures="0" tests="1" name="com.company.test.GroupPageTest" time="19.006" errors="0" timestamp="2022-08-08T04:23:51 IST" skipped="0">
  <testcase classname="com.company.test.GroupPageTest" name="VerifyClickOnGroupLink" time="19.006"/>
  <system-out/>
</testsuite> <!-- com.company.test.GroupPageTest -->
