<?xml version="1.0" encoding="UTF-8"?>
<!-- Generated by org.testng.reporters.JUnitReportReporter -->
<testsuite hostname="DESKTOP-1I78L95" failures="0" tests="1" name="com.company.util.ExcelDataProviderTest" time="28.804" errors="0" timestamp="2022-08-08T08:46:50 IST" skipped="0">
  <testcase classname="com.company.util.ExcelDataProviderTest" name="test1" time="28.804"/>
  <system-out/>
</testsuite> <!-- com.company.util.ExcelDataProviderTest -->
