<?xml version="1.0" encoding="UTF-8"?>
<!-- Generated by org.testng.reporters.JUnitReportReporter -->
<testsuite hostname="DESKTOP-1I78L95" failures="0" tests="1" name="com.company.test.LoginPageTest" time="15.806" errors="0" timestamp="05 Aug 2022 13:19:09 GMT" skipped="0">
  <testcase classname="com.company.test.LoginPageTest" name="loginTest" time="15.806"/>
</testsuite> <!-- com.company.test.LoginPageTest -->
