<?xml version="1.0" encoding="UTF-8"?>
<!-- Generated by org.testng.reporters.JUnitReportReporter -->
<testsuite hostname="DESKTOP-1I78L95" failures="0" tests="2" name="com.company.test.LoginPageTest" time="57.232" errors="0" timestamp="2022-08-12T12:05:23 IST" skipped="0">
  <testcase classname="com.company.test.LoginPageTest" name="LoginPageTitle" time="31.487"/>
  <system-out/>
  <testcase classname="com.company.test.LoginPageTest" name="loginTest" time="25.745"/>
  <system-out/>
</testsuite> <!-- com.company.test.LoginPageTest -->
