<?xml version="1.0" encoding="UTF-8"?>
<!-- Generated by org.testng.reporters.JUnitReportReporter -->
<testsuite hostname="DESKTOP-1I78L95" failures="0" tests="1" name="com.company.util.ExcelDataProvider" time="14.569" errors="0" timestamp="2022-08-08T02:57:34 IST" skipped="0">
  <testcase classname="com.company.util.ExcelDataProvider" name="test1" time="14.569"/>
  <system-out/>
</testsuite> <!-- com.company.util.ExcelDataProvider -->
