<?xml version="1.0" encoding="UTF-8"?>
<!-- Generated by org.testng.reporters.JUnitReportReporter -->
<testsuite hostname="DESKTOP-1I78L95" failures="0" tests="1" name="com.company.test.SignUpPgeTTest" time="0.000" errors="0" timestamp="2022-08-08T03:59:10 IST" skipped="1">
  <testcase classname="com.company.test.SignUpPgeTTest" name="test1" time="0.000">
    <skipped/>
  </testcase> <!-- test1 -->
  <system-out/>
</testsuite> <!-- com.company.test.SignUpPgeTTest -->
