<?xml version="1.0" encoding="UTF-8"?>
<!-- Generated by org.testng.reporters.JUnitReportReporter -->
<testsuite hostname="DESKTOP-1I78L95" failures="0" tests="1" name="com.company.test.HomePageTest" time="31.102" errors="0" timestamp="2022-08-06T00:33:52 IST" skipped="0">
  <testcase classname="com.company.test.HomePageTest" name="verifyUserNameTest" time="31.102"/>
  <system-out/>
</testsuite> <!-- com.company.test.HomePageTest -->
